
> synthetic-sagan@4.1.0 build
> node scripts/generate-version.js && tsc -b && vite build

Generated version.json with version: 1768699451057
src/components/dev/Seeder.tsx(53,59): error TS2345: Argument of type '{ plate: string; model: string; brand: string; currentKm: number; nextRevisionKm: number; }' is not assignable to parameter of type '{ status: "active" | "deleted" | "maintenance" | "out_of_service"; type: "vehicle"; model: string; plate: string; currentKm: number; nextRevisionKm: number; franchiseId?: FranchiseId | undefined; brand?: string | undefined; vin?: string | undefined; insuranceExpiry?: string | undefined; }'.
  Type '{ plate: string; model: string; brand: string; currentKm: number; nextRevisionKm: number; }' is missing the following properties from type '{ status: "active" | "deleted" | "maintenance" | "out_of_service"; type: "vehicle"; model: string; plate: string; currentKm: number; nextRevisionKm: number; franchiseId?: FranchiseId | undefined; brand?: string | undefined; vin?: string | undefined; insuranceExpiry?: string | undefined; }': status, type
src/features/admin/settings/FranchiseProfile.tsx(10,23): error TS2459: Module '"../../../services/userService"' declares 'User' locally, but it is not exported.
src/features/admin/settings/FranchiseProfile.tsx(244,52): error TS2345: Argument of type '{ legalName: string; name: string; cif: string; address: string; email: string; phone: string; role: string; franchiseId: string; pack: "basic" | "premium"; zipCodes: string[]; logisticsRates: { min: number; max: number; price: number; name: string; id?: string; }[]; city: string; }' is not assignable to parameter of type 'Partial<{ uid: UserId; email: string; displayName: string; role: string; status: "active" | "pending" | "banned" | "deleted"; id?: string | undefined; franchiseId?: FranchiseId | undefined; ... 11 more ...; updatedAt?: any; }>'.
  Types of property 'franchiseId' are incompatible.
    Type 'string' is not assignable to type 'FranchiseId'.
      Type 'string' is not assignable to type '{ readonly [brand]: "FranchiseId"; }'.
src/features/admin/users/CreateUserModal.tsx(5,55): error TS2300: Duplicate identifier 'User'.
src/features/admin/users/CreateUserModal.tsx(7,10): error TS2300: Duplicate identifier 'User'.
src/features/admin/users/CreateUserModal.tsx(7,10): error TS2459: Module '"../../../services/userService"' declares 'User' locally, but it is not exported.
src/features/admin/users/CreateUserModal.tsx(21,18): error TS2749: 'User' refers to a value, but is being used as a type here. Did you mean 'typeof User'?
src/features/admin/users/UserManagementPanel.tsx(11,10): error TS2459: Module '"../../../services/userService"' declares 'User' locally, but it is not exported.
src/features/admin/users/UserTable.tsx(2,42): error TS2300: Duplicate identifier 'User'.
src/features/admin/users/UserTable.tsx(5,10): error TS2300: Duplicate identifier 'User'.
src/features/admin/users/UserTable.tsx(5,10): error TS2459: Module '"../../../services/userService"' declares 'User' locally, but it is not exported.
src/features/admin/users/UserTable.tsx(14,11): error TS2749: 'User' refers to a value, but is being used as a type here. Did you mean 'typeof User'?
src/features/admin/users/UserTable.tsx(16,42): error TS2749: 'User' refers to a value, but is being used as a type here. Did you mean 'typeof User'?
src/features/admin/users/UserTable.tsx(23,12): error TS2749: 'User' refers to a value, but is being used as a type here. Did you mean 'typeof User'?
src/features/admin/users/UserTable.tsx(24,42): error TS2749: 'User' refers to a value, but is being used as a type here. Did you mean 'typeof User'?
src/features/fleet/vehicles/components/VehicleForm.tsx(4,48): error TS6133: 'Vehicle' is declared but its value is never read.
src/features/franchise/FinancialControlCenter.tsx(513,40): error TS2339: Property 'logisticsRates' does not exist on type '{ uid: UserId; email: string; displayName: string; role: string; status: "active" | "pending" | "banned" | "deleted"; id?: string | undefined; franchiseId?: FranchiseId | undefined; ... 11 more ...; updatedAt?: any; }'.
src/features/franchise/FinancialControlCenter.tsx(514,47): error TS2339: Property 'logisticsRates' does not exist on type '{ uid: UserId; email: string; displayName: string; role: string; status: "active" | "pending" | "banned" | "deleted"; id?: string | undefined; franchiseId?: FranchiseId | undefined; ... 11 more ...; updatedAt?: any; }'.
src/features/operations/MotoManagement.tsx(59,47): error TS2345: Argument of type 'VehicleId | undefined' is not assignable to parameter of type 'string'.
  Type 'undefined' is not assignable to type 'string'.
src/features/operations/MotoManagement.tsx(107,43): error TS2345: Argument of type 'VehicleId | undefined' is not assignable to parameter of type 'string'.
  Type 'undefined' is not assignable to type 'string'.
src/features/operations/MotoManagement.tsx(428,69): error TS2345: Argument of type 'VehicleId | undefined' is not assignable to parameter of type 'string'.
  Type 'undefined' is not assignable to type 'string'.
src/hooks/useFleet.ts(71,59): error TS2345: Argument of type 'VehicleInput' is not assignable to parameter of type '{ status: "active" | "deleted" | "maintenance" | "out_of_service"; type: "vehicle"; model: string; plate: string; currentKm: number; nextRevisionKm: number; franchiseId?: FranchiseId | undefined; brand?: string | undefined; vin?: string | undefined; insuranceExpiry?: string | undefined; }'.
  Type 'VehicleInput' is missing the following properties from type '{ status: "active" | "deleted" | "maintenance" | "out_of_service"; type: "vehicle"; model: string; plate: string; currentKm: number; nextRevisionKm: number; franchiseId?: FranchiseId | undefined; brand?: string | undefined; vin?: string | undefined; insuranceExpiry?: string | undefined; }': type, model, plate, currentKm, nextRevisionKm
src/hooks/useUserManager.ts(3,23): error TS2459: Module '"../services/userService"' declares 'User' locally, but it is not exported.
src/hooks/useUserManager.ts(136,47): error TS2345: Argument of type 'Partial<{ displayName: string; email: string; role: "admin" | "user" | "franchise" | "rider" | "staff"; pack: "basic" | "premium"; status: "active" | "pending" | "banned"; franchiseId?: string | undefined; ... 6 more ...; password?: string | undefined; }>' is not assignable to parameter of type 'Partial<{ uid: UserId; email: string; displayName: string; role: string; status: "active" | "pending" | "banned" | "deleted"; id?: string | undefined; franchiseId?: FranchiseId | undefined; ... 11 more ...; updatedAt?: any; }>'.
  Types of property 'franchiseId' are incompatible.
    Type 'string | undefined' is not assignable to type 'FranchiseId | undefined'.
      Type 'string' is not assignable to type 'FranchiseId'.
        Type 'string' is not assignable to type '{ readonly [brand]: "FranchiseId"; }'.
src/schemas/users.ts(81,22): error TS2554: Expected 2-3 arguments, but got 1.
src/services/migrationService.test.ts(3,31): error TS6133: 'collection' is declared but its value is never read.
