src/features/fleet/vehicles/components/VehicleForm.tsx(4,48): error TS6133: 'VehicleStatusEnum' is declared but its value is never read.
src/features/fleet/vehicles/components/VehicleForm.tsx(28,9): error TS2322: Type 'Resolver<{ matricula: string; modelo: string; km_actuales?: number | undefined; proxima_revision_km?: number | undefined; estado?: "activo" | "mantenimiento" | "baja" | undefined; }, any, { ...; }>' is not assignable to type 'Resolver<{ matricula: string; modelo: string; km_actuales: number; proxima_revision_km: number; estado: "activo" | "mantenimiento" | "baja"; }, any, { matricula: string; modelo: string; km_actuales: number; proxima_revision_km: number; estado: "activo" | ... 1 more ... | "baja"; }>'.
  Types of parameters 'options' and 'options' are incompatible.
    Type 'ResolverOptions<{ matricula: string; modelo: string; km_actuales: number; proxima_revision_km: number; estado: "activo" | "mantenimiento" | "baja"; }>' is not assignable to type 'ResolverOptions<{ matricula: string; modelo: string; km_actuales?: number | undefined; proxima_revision_km?: number | undefined; estado?: "activo" | "mantenimiento" | "baja" | undefined; }>'.
      Type 'number | undefined' is not assignable to type 'number'.
        Type 'undefined' is not assignable to type 'number'.
src/features/fleet/vehicles/components/VehicleForm.tsx(52,38): error TS2345: Argument of type '(data: VehicleFormValues) => Promise<void>' is not assignable to parameter of type 'SubmitHandler<TFieldValues>'.
  Types of parameters 'data' and 'data' are incompatible.
    Type 'TFieldValues' is not assignable to type '{ matricula: string; modelo: string; km_actuales: number; proxima_revision_km: number; estado: "activo" | "mantenimiento" | "baja"; }'.
      Type 'FieldValues' is missing the following properties from type '{ matricula: string; modelo: string; km_actuales: number; proxima_revision_km: number; estado: "activo" | "mantenimiento" | "baja"; }': matricula, modelo, km_actuales, proxima_revision_km, estado
src/features/rider/schedule/components/SmartStartButton.tsx(129,64): error TS2339: Property 'message' does not exist on type '{}'.
src/features/rider/schedule/components/WeekStrip.tsx(1,25): error TS6133: 'useEffect' is declared but its value is never read.
src/features/rider/schedule/components/WeekStrip.tsx(2,38): error TS6133: 'startOfWeek' is declared but its value is never read.
src/features/rider/schedule/RiderScheduleView.tsx(2,30): error TS2307: Cannot find module '../../../store/useAuthStore' or its corresponding type declarations.
src/features/rider/schedule/RiderScheduleView.tsx(18,9): error TS2339: Property 'selectedDate' does not exist on type 'RiderState'.
src/features/rider/schedule/RiderScheduleView.tsx(19,9): error TS2339: Property 'setSelectedDate' does not exist on type 'RiderState'.
src/layouts/components/Header.tsx(16,5): error TS6133: 'Bike' is declared but its value is never read.
src/layouts/RiderLayout.tsx(3,20): error TS6133: 'User' is declared but its value is never read.
src/layouts/RiderLayout.tsx(4,30): error TS2307: Cannot find module '../store/useAuthStore' or its corresponding type declarations.
src/services/fleetService.ts(94,40): error TS2339: Property 'franchiseId' does not exist on type '{ status: RiderStatus; email: string; phone: string; fullName: string; avatarUrl?: string | undefined; }'.
src/services/vehicleService.ts(12,5): error TS6133: 'orderBy' is declared but its value is never read.
src/store/useFleetStore.ts(34,55): error TS6133: 'get' is declared but its value is never read.
src/store/useRiderStore.ts(15,55): error TS6133: 'get' is declared but its value is never read.
src/store/useRiderStore.ts(35,19): error TS6133: 'today' is declared but its value is never read.
src/store/useVehicleStore.ts(17,59): error TS6133: 'get' is declared but its value is never read.
