src/features/admin/components/MigrationPanel.tsx(6,10): error TS6133: 'Loader' is declared but its value is never read.
src/features/admin/components/MigrationPanel.tsx(6,28): error TS6133: 'CheckCircle' is declared but its value is never read.
src/features/admin/components/MigrationPanel.tsx(6,41): error TS6133: 'AlertTriangle' is declared but its value is never read.
src/features/admin/dashboard/AdminDashboard.tsx(125,21): error TS2322: Type '{ isOpen: boolean; onClose: () => void; onOpenReset: () => void; }' is not assignable to type 'IntrinsicAttributes & DevToolsPanelProps'.
  Property 'onOpenReset' does not exist on type 'IntrinsicAttributes & DevToolsPanelProps'.
src/features/admin/users/UserManagementPanel.tsx(12,1): error TS6133: 'MigrationPanel' is declared but its value is never read.
src/features/fleet/vehicles/components/VehicleForm.tsx(4,48): error TS6133: 'VehicleStatusEnum' is declared but its value is never read.
src/features/fleet/vehicles/components/VehicleForm.tsx(28,9): error TS2322: Type 'Resolver<{ matricula: string; modelo: string; km_actuales: number; proxima_revision_km: number; estado?: "activo" | "mantenimiento" | "baja" | undefined; }, any, { matricula: string; modelo: string; km_actuales: number; proxima_revision_km: number; estado: "activo" | ... 1 more ... | "baja"; }>' is not assignable to type 'Resolver<{ matricula: string; modelo: string; km_actuales: number; proxima_revision_km: number; estado: "activo" | "mantenimiento" | "baja"; }, any, { matricula: string; modelo: string; km_actuales: number; proxima_revision_km: number; estado: "activo" | ... 1 more ... | "baja"; }>'.
  Types of parameters 'options' and 'options' are incompatible.
    Type 'ResolverOptions<{ matricula: string; modelo: string; km_actuales: number; proxima_revision_km: number; estado: "activo" | "mantenimiento" | "baja"; }>' is not assignable to type 'ResolverOptions<{ matricula: string; modelo: string; km_actuales: number; proxima_revision_km: number; estado?: "activo" | "mantenimiento" | "baja" | undefined; }>'.
      Type '"activo" | "mantenimiento" | "baja" | undefined' is not assignable to type '"activo" | "mantenimiento" | "baja"'.
        Type 'undefined' is not assignable to type '"activo" | "mantenimiento" | "baja"'.
src/features/fleet/vehicles/components/VehicleForm.tsx(52,38): error TS2345: Argument of type '(data: VehicleFormValues) => Promise<void>' is not assignable to parameter of type 'SubmitHandler<TFieldValues>'.
  Types of parameters 'data' and 'data' are incompatible.
    Type 'TFieldValues' is not assignable to type '{ matricula: string; modelo: string; km_actuales: number; proxima_revision_km: number; estado: "activo" | "mantenimiento" | "baja"; }'.
      Type 'FieldValues' is missing the following properties from type '{ matricula: string; modelo: string; km_actuales: number; proxima_revision_km: number; estado: "activo" | "mantenimiento" | "baja"; }': matricula, modelo, km_actuales, proxima_revision_km, estado
src/features/operations/FleetManager.tsx(57,13): error TS2322: Type 'VehicleStatus' is not assignable to type '"active" | "deleted" | "maintenance" | "out_of_service" | undefined'.
  Type '"stopped"' is not assignable to type '"active" | "deleted" | "maintenance" | "out_of_service" | undefined'.
src/features/operations/views/ShiftManagerView.tsx(14,115): error TS6133: 'overrideScheduleState' is declared but its value is never read.
src/features/operations/WeeklyScheduler.tsx(18,1): error TS6133: 'getWeatherIcon' is declared but its value is never read.
src/features/rider/home/components/SlideToWork.tsx(20,26): error TS6133: 'e' is declared but its value is never read.
src/features/rider/home/modals/VehicleChecklistModal.tsx(2,27): error TS6133: 'ListChecks' is declared but its value is never read.
src/features/rider/profile/RiderNotificationsView.tsx(3,21): error TS6133: 'Bell' is declared but its value is never read.
src/features/scheduler/components/CoverageFooter.tsx(43,31): error TS6133: 'isPrime' is declared but its value is never read.
src/features/scheduler/components/SchedulerSidebar.tsx(2,10): error TS6133: 'User' is declared but its value is never read.
src/features/scheduler/components/SchedulerSidebar.tsx(2,16): error TS6133: 'MapPin' is declared but its value is never read.
src/features/scheduler/components/SchedulerSidebar.tsx(2,30): error TS6133: 'Car' is declared but its value is never read.
src/hooks/useShiftOperations.ts(102,27): error TS6133: 'start' is declared but its value is never read.
src/hooks/useWeeklySchedule.ts(3,1): error TS6133: 'UserService' is declared but its value is never read.
src/layouts/components/Header.tsx(16,5): error TS6133: 'Bike' is declared but its value is never read.
src/services/fleet/fleetService.test.ts(2,30): error TS2307: Cannot find module './fleetService' or its corresponding type declarations.
