src/features/franchise/__tests__/ResourcesPanel.test.tsx(123,20): error TS6133: 'state' is declared but its value is never read.
src/features/franchise/__tests__/ResourcesPanel.test.tsx(123,27): error TS6133: 'progress' is declared but its value is never read.
src/features/franchise/__tests__/ResourcesPanel.test.tsx(123,37): error TS6133: 'error' is declared but its value is never read.
src/features/rider/schedule/__tests__/components.test.tsx(53,31): error TS2322: Type '{ motoPlate: undefined; id: string; shiftId: string; franchiseId: string; riderId: string; riderName: string; date: string; startAt: string; endAt: string; isConfirmed: boolean; isDraft: boolean; motoId: string; swapRequested: boolean; changeRequested: boolean; changeReason: null; }' is not assignable to type 'Shift'.
  Types of property 'motoPlate' are incompatible.
    Type 'undefined' is not assignable to type 'string'.
src/features/scheduler/hooks/__tests__/useSchedulerCalculations.test.ts(11,99): error TS2353: Object literal may only specify known properties, and 'pack' does not exist in type 'Rider'.
src/features/scheduler/hooks/__tests__/useSchedulerCalculations.test.ts(12,96): error TS2353: Object literal may only specify known properties, and 'pack' does not exist in type 'Rider'.
src/features/scheduler/hooks/__tests__/useSchedulerCalculations.test.ts(24,9): error TS2353: Object literal may only specify known properties, and 'franchiseId' does not exist in type '{ status: "active" | "draft" | "completed" | "published"; metrics: { totalHours: number; activeRiders: number; motosInUse: number; }; shifts: { riderId: string | null; startAt: string; endAt: string; ... 13 more ...; isNew?: boolean | undefined; }[]; id?: string | undefined; startDate?: string | undefined; endDate?:...'.
src/features/scheduler/hooks/__tests__/useSchedulerCalculations.test.ts(111,96): error TS2322: Type 'Rider | { id: string; fullName: string; status: "inactive"; email: string; phone: string; pack: string; role: string; createdAt: string; }' is not assignable to type 'Rider'.
  Object literal may only specify known properties, and 'pack' does not exist in type 'Rider'.
src/features/scheduler/hooks/__tests__/useSchedulerCalculations.test.ts(111,96): error TS2353: Object literal may only specify known properties, and 'pack' does not exist in type 'Rider'.
