src/features/auth/Login.tsx(4,1): error TS6133: 'signInWithEmailAndPassword' is declared but its value is never read.
src/features/franchise/support/ResourceLibrary.tsx(2,20): error TS6133: 'AlertCircle' is declared but its value is never read.
src/features/franchise/support/ResourceLibrary.tsx(2,33): error TS6133: 'Settings' is declared but its value is never read.
src/features/franchise/support/ResourceLibrary.tsx(2,43): error TS6133: 'LifeBuoy' is declared but its value is never read.
src/features/franchise/support/ResourceLibrary.tsx(2,53): error TS6133: 'Video' is declared but its value is never read.
src/features/franchise/support/ResourceLibrary.tsx(2,116): error TS6133: 'LucideIcon' is declared but its value is never read.
src/features/franchise/support/TicketHistory.tsx(4,17): error TS6133: 'CheckCircle' is declared but its value is never read.
src/features/franchise/support/TicketHistory.tsx(76,11): error TS6133: 'formatDate' is declared but its value is never read.
src/features/franchise/SupportHub.tsx(9,24): error TS6133: 'Send' is declared but its value is never read.
src/features/franchise/SupportHub.tsx(9,40): error TS6133: 'Video' is declared but its value is never read.
src/features/franchise/SupportHub.tsx(9,47): error TS6133: 'Phone' is declared but its value is never read.
src/features/franchise/wizard/steps/SummaryStep.tsx(5,1): error TS6192: All imports in import declaration are unused.
src/features/franchise/wizard/steps/SummaryStep.tsx(5,83): error TS2307: Cannot find module '@/utils/financialUtils' or its corresponding type declarations.
src/features/franchise/wizard/steps/SummaryStep.tsx(10,11): error TS6196: 'SummaryStepProps' is declared but never used.
src/features/user/components/AdminTab.tsx(3,71): error TS6133: 'Settings' is declared but its value is never read.
src/hooks/useAdminControl.ts(1,31): error TS6133: 'useMemo' is declared but its value is never read.
src/hooks/useAdminControl.ts(2,45): error TS6133: 'onSnapshot' is declared but its value is never read.
src/hooks/useAdminControl.ts(2,57): error TS6133: 'orderBy' is declared but its value is never read.
src/hooks/useAdminControl.ts(7,10): error TS6133: 'startOfMonth' is declared but its value is never read.
src/hooks/useAdminControl.ts(7,24): error TS6133: 'endOfMonth' is declared but its value is never read.
src/layouts/components/ViewSwitcher.tsx(145,30): error TS2322: Type 'ForwardRefExoticComponent<Omit<LucideProps, "ref"> & RefAttributes<SVGSVGElement>>' is not assignable to type 'ReactNode'.
src/layouts/components/ViewSwitcher.tsx(154,30): error TS2322: Type 'ForwardRefExoticComponent<Omit<LucideProps, "ref"> & RefAttributes<SVGSVGElement>>' is not assignable to type 'ReactNode'.
src/layouts/components/ViewSwitcher.tsx(163,30): error TS2322: Type 'ForwardRefExoticComponent<Omit<LucideProps, "ref"> & RefAttributes<SVGSVGElement>>' is not assignable to type 'ReactNode'.
src/layouts/components/ViewSwitcher.tsx(170,30): error TS2322: Type 'ForwardRefExoticComponent<Omit<LucideProps, "ref"> & RefAttributes<SVGSVGElement>>' is not assignable to type 'ReactNode'.
src/schemas/scheduler.ts(46,51): error TS2769: No overload matches this call.
  Overload 1 of 2, '(def: { totalHours: number; activeRiders: number; motosInUse: number; }): ZodDefault<ZodOptional<ZodObject<{ totalHours: ZodDefault<ZodNumber>; activeRiders: ZodDefault<ZodNumber>; motosInUse: ZodDefault<...>; }, $strip>>>', gave the following error.
    Argument of type '{}' is not assignable to parameter of type '{ totalHours: number; activeRiders: number; motosInUse: number; }'.
      Type '{}' is missing the following properties from type '{ totalHours: number; activeRiders: number; motosInUse: number; }': totalHours, activeRiders, motosInUse
  Overload 2 of 2, '(def: () => { totalHours: number; activeRiders: number; motosInUse: number; }): ZodDefault<ZodOptional<ZodObject<{ totalHours: ZodDefault<ZodNumber>; activeRiders: ZodDefault<ZodNumber>; motosInUse: ZodDefault<...>; }, $strip>>>', gave the following error.
    Argument of type '{}' is not assignable to parameter of type '() => { totalHours: number; activeRiders: number; motosInUse: number; }'.
      Type '{}' provides no match for the signature '(): { totalHours: number; activeRiders: number; motosInUse: number; }'.
src/services/sportsService.ts(19,7): error TS6133: 'MOCK_OPPONENTS' is declared but its value is never read.
