src/features/auth/ProtectedRoute.tsx(1,8): error TS6133: 'React' is declared but its value is never read.
src/features/franchise/dashboard/widgets/CoverageStats.tsx(1,8): error TS6133: 'React' is declared but its value is never read.
src/features/franchise/dashboard/widgets/DashboardCharts.tsx(182,56): error TS6133: 'entry' is declared but its value is never read.
src/features/franchise/dashboard/widgets/FinancialAdvisorWidget.tsx(1,8): error TS6133: 'React' is declared but its value is never read.
src/features/franchise/dashboard/widgets/FinancialAdvisorWidget.tsx(201,34): error TS2322: Type '"left"' is not assignable to type 'Orientation | undefined'.
src/features/franchise/dashboard/widgets/FinancialAdvisorWidget.tsx(206,34): error TS2322: Type '"left"' is not assignable to type 'Orientation | undefined'.
src/features/franchise/dashboard/widgets/FleetCard.tsx(1,8): error TS6133: 'React' is declared but its value is never read.
src/features/franchise/dashboard/widgets/ForecastingWidget.tsx(1,8): error TS6133: 'React' is declared but its value is never read.
src/features/franchise/dashboard/widgets/GamificationWidget.tsx(2,18): error TS6133: 'TrendingUp' is declared but its value is never read.
src/features/franchise/dashboard/widgets/MonthlyTaxWidget.tsx(2,19): error TS6133: 'TrendingUp' is declared but its value is never read.
src/features/franchise/dashboard/widgets/MonthlyTaxWidget.tsx(2,31): error TS6133: 'TrendingDown' is declared but its value is never read.
src/features/franchise/dashboard/widgets/MonthlyTaxWidget.tsx(2,45): error TS6133: 'ArrowRight' is declared but its value is never read.
src/features/franchise/dashboard/widgets/MonthlyTrendChart.tsx(16,11): error TS6196: 'CustomTooltipPayload' is declared but never used.
src/features/franchise/dashboard/widgets/TaxVaultWidget.tsx(1,8): error TS6133: 'React' is declared but its value is never read.
src/features/franchise/dashboard/widgets/TaxVaultWidget.tsx(2,29): error TS6133: 'TrendingUp' is declared but its value is never read.
src/features/franchise/finance/FranchiseHistoryView.tsx(4,31): error TS6133: 'AreaChart' is declared but its value is never read.
src/features/franchise/finance/MonthlyHistoryTable.tsx(3,10): error TS6133: 'Edit' is declared but its value is never read.
src/features/franchise/finance/MonthlyHistoryTable.tsx(3,52): error TS6133: 'FileText' is declared but its value is never read.
src/features/franchise/finance/SmartInsightsWidget.tsx(174,19): error TS6133: 'taxRate' is declared but its value is never read.
src/features/franchise/FranchiseDashboard.tsx(4,5): error TS6133: 'Activity' is declared but its value is never read.
src/features/franchise/FranchiseDashboard.tsx(4,15): error TS6133: 'Edit3' is declared but its value is never read.
src/features/franchise/FranchiseDashboard.tsx(4,61): error TS6133: 'TrendingUp' is declared but its value is never read.
src/features/franchise/FranchiseDashboard.tsx(4,73): error TS6133: 'TrendingDown' is declared but its value is never read.
src/features/franchise/FranchiseDashboard.tsx(4,87): error TS6133: 'Clock' is declared but its value is never read.
src/features/franchise/FranchiseDashboard.tsx(4,94): error TS6133: 'Package' is declared but its value is never read.
src/features/franchise/FranchiseDashboard.tsx(69,11): error TS6133: 'productivity' is declared but its value is never read.
src/features/franchise/FranchiseDashboard.tsx(70,11): error TS6133: 'costPerOrder' is declared but its value is never read.
src/features/franchise/support/TicketHistory.tsx(3,57): error TS6133: 'Timestamp' is declared but its value is never read.
src/features/franchise/SupportHub.tsx(29,9): error TS2339: Property 'setSuccess' does not exist on type '{ tickets: Ticket[]; allTicketsCount: number; loading: boolean; sending: boolean; success: boolean; suggestions: any[]; setSuggestions: Dispatch<SetStateAction<any[]>>; ... 7 more ...; resetSuccess: () => void; }'.
src/features/franchise/wizard/AcademyPanel.tsx(2,90): error TS6133: 'PlayCircle' is declared but its value is never read.
src/features/operations/components/KpiCard.tsx(1,8): error TS6133: 'React' is declared but its value is never read.
src/features/operations/components/OperationsTabs.tsx(2,8): error TS6133: 'React' is declared but its value is never read.
src/features/operations/FleetManager.tsx(58,13): error TS2322: Type 'VehicleStatus' is not assignable to type '"active" | "maintenance" | "stopped" | "sold" | undefined'.
  Type '"retired"' is not assignable to type '"active" | "maintenance" | "stopped" | "sold" | undefined'.
src/features/operations/OperationsDashboard.tsx(25,66): error TS6133: 'readOnly' is declared but its value is never read.
src/features/operations/OperationsDashboard.tsx(138,29): error TS2322: Type '{ currentDate: Date; onSlotClick: (date: Date) => void; franchiseId: string; weekData: { shifts: Shift[]; id?: string | undefined; startDate?: string | undefined; endDate?: string | undefined; status?: "draft" | ... 2 more ... | undefined; metrics?: { ...; } | undefined; }; loading: boolean; }' is not assignable to type 'IntrinsicAttributes & WeeklySummaryViewProps'.
  Property 'franchiseId' does not exist on type 'IntrinsicAttributes & WeeklySummaryViewProps'.
src/features/operations/ShiftPlanner.tsx(409,25): error TS2322: Type 'number | null' is not assignable to type 'number | undefined'.
  Type 'null' is not assignable to type 'number | undefined'.
src/features/operations/views/ShiftManagerView.tsx(1,8): error TS6133: 'React' is declared but its value is never read.
src/features/operations/views/WeeklySummaryView.tsx(6,34): error TS6133: 'Shift' is declared but its value is never read.
src/features/operations/WeeklyScheduler.tsx(87,60): error TS18047: 'weekData' is possibly 'null'.
src/features/user/UserProfile.tsx(1,8): error TS6133: 'React' is declared but its value is never read.
src/features/user/UserProfile.tsx(118,33): error TS2322: Type 'RoleConfig | null' is not assignable to type 'RoleConfig | undefined'.
  Type 'null' is not assignable to type 'RoleConfig | undefined'.
src/hooks/useAcademy.ts(180,60): error TS2554: Expected 1 arguments, but got 2.
src/hooks/useAdminAnnouncements.ts(37,13): error TS6133: 'error' is declared but its value is never read.
src/hooks/useFinancialPulse.ts(3,62): error TS6133: 'DocumentData' is declared but its value is never read.
src/hooks/useNetworkFinance.ts(7,1): error TS6133: 'FranchiseMetadata' is declared but its value is never read.
src/hooks/useVersionCheck.ts(18,13): error TS2339: Property 'toast' does not exist on type 'UseToastReturn | null'.
src/layouts/components/dev/ConsoleViewer.tsx(2,31): error TS6133: 'Filter' is declared but its value is never read.
src/layouts/components/dev/ConsoleViewer.tsx(3,32): error TS6133: 'getLogs' is declared but its value is never read.
src/layouts/components/dev/DevToolsPanel.tsx(26,64): error TS6133: 'runPerformanceCheck' is declared but its value is never read.
src/layouts/components/dev/DevToolsPanel.tsx(29,36): error TS6133: 'clearHistory' is declared but its value is never read.
src/layouts/components/dev/DevToolsPanel.tsx(29,71): error TS6133: 'formatRelativeTime' is declared but its value is never read.
src/layouts/components/dev/DevToolsPanel.tsx(120,12): error TS6133: 'history' is declared but its value is never read.
src/layouts/components/dev/DevToolsPanel.tsx(122,12): error TS6133: 'favorites' is declared but its value is never read.
src/layouts/components/dev/DevToolsPanel.tsx(155,11): error TS6133: 'toggleFavorite' is declared but its value is never read.
src/layouts/components/dev/NetworkMonitor.tsx(2,31): error TS6133: 'TrendingUp' is declared but its value is never read.
src/layouts/components/dev/NetworkMonitor.tsx(3,26): error TS6133: 'getQueries' is declared but its value is never read.
src/layouts/components/dev/PerformanceDashboard.tsx(2,24): error TS6133: 'Smartphone' is declared but its value is never read.
src/layouts/components/Header.tsx(9,5): error TS6133: 'ShieldAlert' is declared but its value is never read.
src/layouts/components/ViewSwitcher.tsx(57,5): error TS6133: 'currentData' is declared but its value is never read.
src/lib/email.ts(58,61): error TS6133: 'subject' is declared but its value is never read.
src/lib/schemas.ts(20,13): error TS2769: No overload matches this call.
  Overload 1 of 2, '(values: readonly ["admin", "franchise", "staff", "driver", "user"], params?: string | { error?: string | $ZodErrorMap<$ZodIssueInvalidValue<unknown>> | undefined; message?: string | undefined; } | undefined): ZodEnum<...>', gave the following error.
    Object literal may only specify known properties, and 'errorMap' does not exist in type '{ error?: string | $ZodErrorMap<$ZodIssueInvalidValue<unknown>> | undefined; message?: string | undefined; }'.
  Overload 2 of 2, '(entries: Readonly<Record<string, EnumValue>>, params?: string | { error?: string | $ZodErrorMap<$ZodIssueInvalidValue<unknown>> | undefined; message?: string | undefined; } | undefined): ZodEnum<...>', gave the following error.
    Argument of type 'string[]' is not assignable to parameter of type 'Readonly<Record<string, EnumValue>>'.
      Index signature for type 'string' is missing in type 'string[]'.
src/pages/DevSandbox.tsx(1,1): error TS6133: 'React' is declared but its value is never read.
src/scripts/cleanupFranchises.ts(2,45): error TS6133: 'deleteDoc' is declared but its value is never read.
src/scripts/consoleCapture.ts(131,9): error TS2769: No overload matches this call.
  Overload 1 of 3, '(locales?: LocalesArgument, options?: DateTimeFormatOptions | undefined): string', gave the following error.
    Object literal may only specify known properties, and 'fractionalSecondDigits' does not exist in type 'DateTimeFormatOptions'.
  Overload 2 of 3, '(locales?: string | string[] | undefined, options?: DateTimeFormatOptions | undefined): string', gave the following error.
    Object literal may only specify known properties, and 'fractionalSecondDigits' does not exist in type 'DateTimeFormatOptions'.
