src/features/admin/dashboard/FranchiseGrid.tsx(1,8): error TS6133: 'React' is declared but its value is never read.
src/features/admin/dashboard/widgets/ControlEventsWidget.tsx(2,25): error TS6133: 'MapPin' is declared but its value is never read.
src/features/admin/dashboard/widgets/ControlEventsWidget.tsx(2,33): error TS6133: 'Server' is declared but its value is never read.
src/features/admin/dashboard/widgets/ControlEventsWidget.tsx(2,41): error TS6133: 'Users' is declared but its value is never read.
src/features/admin/dashboard/widgets/ControlEventsWidget.tsx(2,48): error TS6133: 'AlertCircle' is declared but its value is never read.
src/features/admin/dashboard/widgets/ControlPendingActionsWidget.tsx(148,36): error TS6133: 'Icon' is declared but its value is never read.
src/features/admin/dashboard/widgets/IntelligenceWidget.tsx(2,24): error TS6133: 'TrendingDown' is declared but its value is never read.
src/features/admin/dashboard/widgets/IntelligenceWidget.tsx(2,38): error TS6133: 'EyeOff' is declared but its value is never read.
src/features/admin/dashboard/widgets/IntelligenceWidget.tsx(47,19): error TS6133: 'expenses' is declared but its value is never read.
src/features/admin/dashboard/widgets/IntelligenceWidget.tsx(89,34): error TS6133: 'b' is declared but its value is never read.
src/features/admin/overview/OverviewTab.tsx(2,25): error TS6133: 'ArrowRight' is declared but its value is never read.
src/features/admin/overview/OverviewTab.tsx(46,29): error TS2322: Type '{ total: number; tickets: number; premium: number; records: number; alerts: number; list: import("C:/Users/Usuario/.gemini/antigravity/playground/synthetic-sagan/src/hooks/useAdminControl").PendingAction[]; }' is not assignable to type '{ total: number; tickets: number; premium: number; records: number; alerts: number; list: PendingAction[]; }'.
  Types of property 'list' are incompatible.
    Type 'import("C:/Users/Usuario/.gemini/antigravity/playground/synthetic-sagan/src/hooks/useAdminControl").PendingAction[]' is not assignable to type 'PendingAction[]'.
      Type 'import("C:/Users/Usuario/.gemini/antigravity/playground/synthetic-sagan/src/hooks/useAdminControl").PendingAction' is not assignable to type 'PendingAction'.
        Types of property 'priority' are incompatible.
          Type 'string' is not assignable to type '"critical" | "low" | "normal" | "high"'.
src/features/admin/settings/FranchiseProfile.tsx(1,50): error TS6133: 'useMemo' is declared but its value is never read.
src/features/admin/settings/FranchiseProfile.tsx(61,11): error TS6133: 'toastCtx' is declared but its value is never read.
src/features/admin/settings/FranchiseProfile.tsx(159,17): error TS2304: Cannot find name 'addToast'.
src/features/admin/settings/FranchiseProfile.tsx(163,35): error TS2304: Cannot find name 'addToast'.
src/features/admin/settings/FranchiseProfile.tsx(183,13): error TS2304: Cannot find name 'addToast'.
src/features/admin/settings/FranchiseProfile.tsx(186,13): error TS2304: Cannot find name 'addToast'.
src/features/admin/settings/FranchiseProfile.tsx(290,13): error TS2304: Cannot find name 'addToast'.
src/features/admin/settings/FranchiseProfile.tsx(293,13): error TS2304: Cannot find name 'addToast'.
src/features/common/UserManual/manualContent.ts(6,5): error TS6133: 'Truck' is declared but its value is never read.
src/features/common/UserManual/manualContent.ts(7,5): error TS6133: 'LifeBuoy' is declared but its value is never read.
src/features/common/UserManual/manualContent.ts(8,5): error TS6133: 'GraduationCap' is declared but its value is never read.
src/features/common/UserManual/manualContent.ts(12,5): error TS6133: 'Activity' is declared but its value is never read.
src/features/common/UserManual/manualContent.ts(13,5): error TS6133: 'Shield' is declared but its value is never read.
src/features/common/UserManual/manualContent.ts(14,5): error TS6133: 'Search' is declared but its value is never read.
src/features/common/UserManual/manualContent.ts(15,5): error TS6133: 'FileText' is declared but its value is never read.
src/features/common/UserManual/manualContent.ts(16,5): error TS6133: 'AlertTriangle' is declared but its value is never read.
src/features/common/UserManual/manualContent.ts(17,5): error TS6133: 'CheckCircle' is declared but its value is never read.
src/features/scheduler/DeliveryScheduler.tsx(2,42): error TS6133: 'Shield' is declared but its value is never read.
src/features/scheduler/DeliveryScheduler.tsx(2,82): error TS6133: 'Filter' is declared but its value is never read.
src/features/scheduler/DeliveryScheduler.tsx(10,29): error TS6133: 'WeekData' is declared but its value is never read.
src/features/scheduler/DeliveryScheduler.tsx(10,39): error TS6133: 'Shift' is declared but its value is never read.
src/features/scheduler/DeliveryScheduler.tsx(19,1): error TS6133: 'migrationService' is declared but its value is never read.
src/features/scheduler/DeliveryScheduler.tsx(22,1): error TS6133: 'WeekService' is declared but its value is never read.
src/features/scheduler/DeliveryScheduler.tsx(23,1): error TS6192: All imports in import declaration are unused.
src/features/scheduler/DeliveryScheduler.tsx(54,12): error TS6133: 'isGenerating' is declared but its value is never read.
src/features/scheduler/DeliveryScheduler.tsx(55,12): error TS6133: 'showGenModal' is declared but its value is never read.
src/features/scheduler/DeliveryScheduler.tsx(273,11): error TS6133: 'handleGeneration' is declared but its value is never read.
src/features/user/components/AdminTab.tsx(3,10): error TS6133: 'Users' is declared but its value is never read.
src/hooks/useFinancialPulse.ts(3,10): error TS6133: 'doc' is declared but its value is never read.
