src/hooks/useWeeklySchedule.ts(4,1): error TS6192: All imports in import declaration are unused.
src/hooks/useWeeklySchedule.ts(5,1): error TS6133: 'db' is declared but its value is never read.
src/hooks/useWeeklySchedule.ts(98,34): error TS2304: Cannot find name 'FleetService'.
src/hooks/useWeeklySchedule.ts(98,99): error TS7006: Parameter 'domainMotos' implicitly has an 'any' type.
src/hooks/useWeeklySchedule.ts(100,45): error TS7006: Parameter 'dm' implicitly has an 'any' type.
src/services/fleet/fleetService.test.ts(3,22): error TS6133: 'toMotoId' is declared but its value is never read.
src/services/fleet/fleetService.test.ts(5,10): error TS6133: 'doc' is declared but its value is never read.
src/services/fleet/fleetService.test.ts(5,23): error TS6133: 'onSnapshot' is declared but its value is never read.
src/services/fleet/fleetService.ts(5,5): error TS6133: 'getDocs' is declared but its value is never read.
src/services/fleet/fleetService.ts(17,5): error TS6133: 'MotoStatus' is declared but its value is never read.
src/services/fleet/fleetService.ts(38,13): error TS2783: 'status' is specified more than once, so this usage will be overwritten.
src/services/users/userService.test.ts(76,47): error TS2345: Argument of type '{ email: string; displayName: string; role: "staff"; franchiseId: FranchiseId; }' is not assignable to parameter of type '{ role: "admin" | "user" | "staff" | "driver" | "franchise_owner"; status: "active" | "pending" | "banned" | "deleted"; displayName: string; email: string; franchiseId?: FranchiseId | undefined; phoneNumber?: string | undefined; photoURL?: string | undefined; password?: string | undefined; }'.
  Property 'status' is missing in type '{ email: string; displayName: string; role: "staff"; franchiseId: FranchiseId; }' but required in type '{ role: "admin" | "user" | "staff" | "driver" | "franchise_owner"; status: "active" | "pending" | "banned" | "deleted"; displayName: string; email: string; franchiseId?: FranchiseId | undefined; phoneNumber?: string | undefined; photoURL?: string | undefined; password?: string | undefined; }'.
src/services/users/userService.ts(16,5): error TS6133: 'toUserId' is declared but its value is never read.
src/services/users/userService.ts(32,9): error TS1016: A required parameter cannot follow an optional parameter.
